<?xml version="1.0" encoding="UTF-8"?>
<testng-results ignored="0" total="1" passed="1" failed="0" skipped="0">
  <reporter-output>
  </reporter-output>
  <suite started-at="2025-02-04T20:03:27 IST" name="Default suite" finished-at="2025-02-04T20:04:01 IST" duration-ms="34177">
    <groups>
    </groups>
    <test started-at="2025-02-04T20:03:27 IST" name="Default test" finished-at="2025-02-04T20:04:01 IST" duration-ms="34177">
      <class name="testpkg.DeygaTest">
        <test-method is-config="true" signature="SetUp()[pri:0, instance:testpkg.DeygaTest@4dbb42b7]" started-at="2025-02-04T20:03:27 IST" name="SetUp" finished-at="2025-02-04T20:03:30 IST" duration-ms="2672" status="PASS">
          <reporter-output>
          </reporter-output>
        </test-method> <!-- SetUp -->
        <test-method is-config="true" signature="openpage()[pri:0, instance:testpkg.DeygaTest@4dbb42b7]" started-at="2025-02-04T20:03:30 IST" name="openpage" finished-at="2025-02-04T20:03:45 IST" duration-ms="15809" status="PASS">
          <reporter-output>
          </reporter-output>
        </test-method> <!-- openpage -->
        <test-method signature="searchtest()[pri:0, instance:testpkg.DeygaTest@4dbb42b7]" started-at="2025-02-04T20:03:45 IST" name="searchtest" finished-at="2025-02-04T20:04:01 IST" duration-ms="15641" status="PASS">
          <reporter-output>
          </reporter-output>
        </test-method> <!-- searchtest -->
      </class> <!-- testpkg.DeygaTest -->
    </test> <!-- Default test -->
  </suite> <!-- Default suite -->
</testng-results>
